<?xml version="1.0" encoding="UTF-8"?>
<!-- Generated by org.testng.reporters.JUnitReportReporter -->
<testsuite hostname="DESKTOP-MJPIK8C" failures="0" tests="1" name="com.qa.testscripts.TC_AmazonSearch_001" time="7.636" errors="0" timestamp="2022-10-31T11:39:00 IST" skipped="0">
  <testcase classname="com.qa.testscripts.TC_AmazonSearch_001" name="Search" time="7.636"/>
  <system-out/>
</testsuite> <!-- com.qa.testscripts.TC_AmazonSearch_001 -->
