<?xml version="1.0" encoding="UTF-8"?>
<!-- Generated by org.testng.reporters.JUnitReportReporter -->
<testsuite hostname="DESKTOP-MJPIK8C" failures="0" tests="1" name="com.qa.testscripts.TC_AmazonSignUp_001" time="11.489" errors="0" timestamp="2022-11-02T09:25:34 IST" skipped="0">
  <testcase classname="com.qa.testscripts.TC_AmazonSignUp_001" name="Si" time="11.489"/>
  <system-out/>
</testsuite> <!-- com.qa.testscripts.TC_AmazonSignUp_001 -->
